<?xml version="1.0" encoding="UTF-8"?>
<!-- Generated by org.testng.reporters.JUnitReportReporter -->
<testsuite hostname="LTIN282895" failures="0" tests="2" name="testCases.BeCognizant" time="49.412" errors="0" timestamp="2024-02-26T14:49:47 IST" skipped="0">
  <testcase classname="testCases.BeCognizant" name="getInfo" time="38.772"/>
  <testcase classname="testCases.BeCognizant" name="verifyOneCogni" time="10.640"/>
</testsuite> <!-- testCases.BeCognizant -->
