<?xml version="1.0" encoding="UTF-8"?>
<!-- Generated by org.testng.reporters.JUnitReportReporter -->
<testsuite hostname="LTIN282895" failures="0" tests="5" name="testCases.TruTime" time="2.548" errors="0" timestamp="2024-02-26T15:34:47 IST" skipped="0">
  <testcase classname="testCases.TruTime" name="validateCurrentMonthAndYear" time="0.198"/>
  <testcase classname="testCases.TruTime" name="validateBackDatedTopUp" time="0.109"/>
  <testcase classname="testCases.TruTime" name="printLegends" time="1.759"/>
  <testcase classname="testCases.TruTime" name="validateCurrentHighlightedDate" time="0.192"/>
  <testcase classname="testCases.TruTime" name="validateTruTimeDates" time="0.290"/>
</testsuite> <!-- testCases.TruTime -->
