<?xml version="1.0" encoding="UTF-8"?>
<!-- Generated by org.testng.reporters.JUnitReportReporter -->
<testsuite hostname="LTIN282895" failures="0" tests="5" name="testCases.TruTime" time="2.156" errors="0" timestamp="2024-02-26T14:49:47 IST" skipped="0">
  <testcase classname="testCases.TruTime" name="validateCurrentMonthAndYear" time="0.385"/>
  <testcase classname="testCases.TruTime" name="validateBackDatedTopUp" time="0.144"/>
  <testcase classname="testCases.TruTime" name="printLegends" time="1.221"/>
  <testcase classname="testCases.TruTime" name="validateCurrentHighlightedDate" time="0.130"/>
  <testcase classname="testCases.TruTime" name="validateTruTimeDates" time="0.276"/>
</testsuite> <!-- testCases.TruTime -->
