<?xml version="1.0" encoding="UTF-8"?>
<!-- Generated by org.testng.reporters.JUnitReportReporter -->
<testsuite hostname="LTIN282895" failures="0" tests="2" name="testCases.OneCognizant" time="29.382" errors="0" timestamp="2024-02-26T14:49:47 IST" skipped="0">
  <testcase classname="testCases.OneCognizant" name="searchTruTime" time="19.063"/>
  <testcase classname="testCases.OneCognizant" name="validateTruTimePage" time="10.319"/>
</testsuite> <!-- testCases.OneCognizant -->
