<?xml version="1.0" encoding="UTF-8"?>
<!-- Generated by org.testng.reporters.JUnitReportReporter -->
<testsuite hostname="LTIN282895" failures="0" tests="2" name="testCases.BeCognizant" time="46.480" errors="0" timestamp="2024-02-26T15:34:47 IST" skipped="0">
  <testcase classname="testCases.BeCognizant" name="getInfo" time="34.649"/>
  <testcase classname="testCases.BeCognizant" name="verifyOneCogni" time="11.831"/>
</testsuite> <!-- testCases.BeCognizant -->
